{
"contracts\\Raffle.sol":{"l":{"60":3,"61":3,"62":3,"63":3,"64":3,"65":3,"66":3,"67":3,"72":15,"73":1,"75":14,"76":1,"78":13,"79":13,"95":10,"96":10,"97":10,"98":10,"99":10,"100":10,"105":6,"106":6,"107":1,"113":5,"115":5,"122":5,"130":1,"131":1,"132":1,"133":1,"134":1,"135":1,"136":1,"137":0,"138":0,"140":0,"145":0,"149":1,"153":0,"157":3,"162":0,"166":0,"170":1,"174":0,"178":1},"path":"C:\\Users\\burha\\OneDrive\\Desktop\\Blockchain\\hardhat-smartcontract-lottery\\contracts\\Raffle.sol","s":{"1":15,"2":14,"3":13,"4":13,"5":10,"6":10,"7":10,"8":10,"9":10,"10":6,"11":6,"12":5,"13":5,"14":1,"15":1,"16":1,"17":0,"18":0,"19":0,"20":1,"21":0,"22":3,"23":0,"24":0,"25":1,"26":0,"27":1},"b":{"1":[1,14],"2":[1,13],"3":[1,5],"4":[0,0]},"f":{"1":3,"2":15,"3":10,"4":6,"5":1,"6":0,"7":1,"8":0,"9":3,"10":0,"11":0,"12":1,"13":0,"14":1},"fnMap":{"1":{"name":"constructor","line":59,"loc":{"start":{"line":52,"column":4},"end":{"line":68,"column":4}}},"2":{"name":"enterRaffle","line":71,"loc":{"start":{"line":71,"column":4},"end":{"line":80,"column":4}}},"3":{"name":"checkUpkeep","line":87,"loc":{"start":{"line":87,"column":4},"end":{"line":101,"column":4}}},"4":{"name":"performUpkeep","line":104,"loc":{"start":{"line":104,"column":4},"end":{"line":123,"column":4}}},"5":{"name":"fulfillRandomWords","line":126,"loc":{"start":{"line":126,"column":4},"end":{"line":141,"column":4}}},"6":{"name":"getEntranceFeed","line":144,"loc":{"start":{"line":144,"column":4},"end":{"line":146,"column":4}}},"7":{"name":"getOnePlayer","line":148,"loc":{"start":{"line":148,"column":4},"end":{"line":150,"column":4}}},"8":{"name":"getRecentWinner","line":152,"loc":{"start":{"line":152,"column":4},"end":{"line":154,"column":4}}},"9":{"name":"getRaffleState","line":156,"loc":{"start":{"line":156,"column":4},"end":{"line":158,"column":4}}},"10":{"name":"getNumberOfWords","line":161,"loc":{"start":{"line":161,"column":4},"end":{"line":163,"column":4}}},"11":{"name":"getTotalPlayers","line":165,"loc":{"start":{"line":165,"column":4},"end":{"line":167,"column":4}}},"12":{"name":"getLastTimeStamp","line":169,"loc":{"start":{"line":169,"column":4},"end":{"line":171,"column":4}}},"13":{"name":"getRequestConfirmations","line":173,"loc":{"start":{"line":173,"column":4},"end":{"line":175,"column":4}}},"14":{"name":"getInterval","line":177,"loc":{"start":{"line":177,"column":4},"end":{"line":179,"column":4}}}},"statementMap":{"1":{"start":{"line":72,"column":8},"end":{"line":72,"column":2232}},"2":{"start":{"line":75,"column":8},"end":{"line":75,"column":2336}},"3":{"start":{"line":78,"column":8},"end":{"line":78,"column":42}},"4":{"start":{"line":79,"column":8},"end":{"line":79,"column":36}},"5":{"start":{"line":95,"column":8},"end":{"line":95,"column":57}},"6":{"start":{"line":96,"column":8},"end":{"line":96,"column":76}},"7":{"start":{"line":97,"column":8},"end":{"line":97,"column":48}},"8":{"start":{"line":98,"column":8},"end":{"line":98,"column":51}},"9":{"start":{"line":100,"column":8},"end":{"line":100,"column":33}},"10":{"start":{"line":105,"column":8},"end":{"line":105,"column":47}},"11":{"start":{"line":106,"column":8},"end":{"line":106,"column":3366}},"12":{"start":{"line":115,"column":8},"end":{"line":115,"column":3636}},"13":{"start":{"line":122,"column":8},"end":{"line":122,"column":45}},"14":{"start":{"line":130,"column":8},"end":{"line":130,"column":65}},"15":{"start":{"line":131,"column":8},"end":{"line":131,"column":63}},"16":{"start":{"line":136,"column":8},"end":{"line":136,"column":78}},"17":{"start":{"line":137,"column":8},"end":{"line":137,"column":4451}},"18":{"start":{"line":140,"column":8},"end":{"line":140,"column":41}},"19":{"start":{"line":145,"column":8},"end":{"line":145,"column":28}},"20":{"start":{"line":149,"column":8},"end":{"line":149,"column":31}},"21":{"start":{"line":153,"column":8},"end":{"line":153,"column":29}},"22":{"start":{"line":157,"column":8},"end":{"line":157,"column":28}},"23":{"start":{"line":162,"column":8},"end":{"line":162,"column":24}},"24":{"start":{"line":166,"column":8},"end":{"line":166,"column":31}},"25":{"start":{"line":170,"column":8},"end":{"line":170,"column":30}},"26":{"start":{"line":174,"column":8},"end":{"line":174,"column":36}},"27":{"start":{"line":178,"column":8},"end":{"line":178,"column":25}}},"branchMap":{"1":{"line":72,"type":"if","locations":[{"start":{"line":72,"column":8},"end":{"line":72,"column":8}},{"start":{"line":72,"column":8},"end":{"line":72,"column":8}}]},"2":{"line":75,"type":"if","locations":[{"start":{"line":75,"column":8},"end":{"line":75,"column":8}},{"start":{"line":75,"column":8},"end":{"line":75,"column":8}}]},"3":{"line":106,"type":"if","locations":[{"start":{"line":106,"column":8},"end":{"line":106,"column":8}},{"start":{"line":106,"column":8},"end":{"line":106,"column":8}}]},"4":{"line":137,"type":"if","locations":[{"start":{"line":137,"column":8},"end":{"line":137,"column":8}},{"start":{"line":137,"column":8},"end":{"line":137,"column":8}}]}}},
"contracts\\VRFCoordinatorV2Mock.sol":{"l":{},"path":"C:\\Users\\burha\\OneDrive\\Desktop\\Blockchain\\hardhat-smartcontract-lottery\\contracts\\VRFCoordinatorV2Mock.sol","s":{},"b":{},"f":{},"fnMap":{},"statementMap":{},"branchMap":{}}}
