TN:
SF:C:\Users\burha\OneDrive\Desktop\Blockchain\hardhat-smartcontract-lottery\contracts\Raffle.sol
FN:59,constructor
FN:71,enterRaffle
FN:87,checkUpkeep
FN:104,performUpkeep
FN:126,fulfillRandomWords
FN:144,getEntranceFeed
FN:148,getOnePlayer
FN:152,getRecentWinner
FN:156,getRaffleState
FN:161,getNumberOfWords
FN:165,getTotalPlayers
FN:169,getLastTimeStamp
FN:173,getRequestConfirmations
FN:177,getInterval
FNF:14
FNH:9
FNDA:3,constructor
FNDA:15,enterRaffle
FNDA:10,checkUpkeep
FNDA:6,performUpkeep
FNDA:1,fulfillRandomWords
FNDA:0,getEntranceFeed
FNDA:1,getOnePlayer
FNDA:0,getRecentWinner
FNDA:3,getRaffleState
FNDA:0,getNumberOfWords
FNDA:0,getTotalPlayers
FNDA:1,getLastTimeStamp
FNDA:0,getRequestConfirmations
FNDA:1,getInterval
DA:60,3
DA:61,3
DA:62,3
DA:63,3
DA:64,3
DA:65,3
DA:66,3
DA:67,3
DA:72,15
DA:73,1
DA:75,14
DA:76,1
DA:78,13
DA:79,13
DA:95,10
DA:96,10
DA:97,10
DA:98,10
DA:99,10
DA:100,10
DA:105,6
DA:106,6
DA:107,1
DA:113,5
DA:115,5
DA:122,5
DA:130,1
DA:131,1
DA:132,1
DA:133,1
DA:134,1
DA:135,1
DA:136,1
DA:137,0
DA:138,0
DA:140,0
DA:145,0
DA:149,1
DA:153,0
DA:157,3
DA:162,0
DA:166,0
DA:170,1
DA:174,0
DA:178,1
LF:45
LH:37
BRDA:72,1,0,1
BRDA:72,1,1,14
BRDA:75,2,0,1
BRDA:75,2,1,13
BRDA:106,3,0,1
BRDA:106,3,1,5
BRDA:137,4,0,0
BRDA:137,4,1,0
BRF:8
BRH:6
end_of_record
TN:
SF:C:\Users\burha\OneDrive\Desktop\Blockchain\hardhat-smartcontract-lottery\contracts\VRFCoordinatorV2Mock.sol
FNF:0
FNH:0
LF:0
LH:0
BRF:0
BRH:0
end_of_record
